0 info it worked if it ends with ok
1 verbose cli [ 'C:\\Program Files\\nodejs\\\\node.exe',
1 verbose cli   'C:\\Program Files\\nodejs\\node_modules\\npm\\bin\\npm-cli.js',
1 verbose cli   'publish',
1 verbose cli   '.\\' ]
2 info using npm@1.4.28
3 info using node@v0.10.33
4 verbose node symlink C:\Program Files\nodejs\\node.exe
5 verbose publish [ '.\\' ]
6 verbose cache add [ '.\\', null ]
7 verbose cache add name=undefined spec=".\\" args=[".\\",null]
8 verbose parsed url { protocol: null,
8 verbose parsed url   slashes: null,
8 verbose parsed url   auth: null,
8 verbose parsed url   host: null,
8 verbose parsed url   port: null,
8 verbose parsed url   hostname: null,
8 verbose parsed url   hash: null,
8 verbose parsed url   search: null,
8 verbose parsed url   query: null,
8 verbose parsed url   pathname: './',
8 verbose parsed url   path: './',
8 verbose parsed url   href: './' }
9 silly lockFile 6de088a4- .\
10 verbose lock .\ C:\Users\tcackowski\AppData\Roaming\npm-cache\6de088a4-.lock
11 verbose tar pack [ 'C:\\Users\\tcackowski\\AppData\\Roaming\\npm-cache\\owski-curry\\0.0.2\\package.tgz',
11 verbose tar pack   '.\\' ]
12 verbose tarball C:\Users\tcackowski\AppData\Roaming\npm-cache\owski-curry\0.0.2\package.tgz
13 verbose folder .\
14 info prepublish owski-curry@0.0.2
15 silly lockFile 51263427-tar tar://.\
16 verbose lock tar://.\ C:\Users\tcackowski\AppData\Roaming\npm-cache\51263427-tar.lock
17 silly lockFile fd3fae2e-he-owski-curry-0-0-2-package-tgz tar://C:\Users\tcackowski\AppData\Roaming\npm-cache\owski-curry\0.0.2\package.tgz
18 verbose lock tar://C:\Users\tcackowski\AppData\Roaming\npm-cache\owski-curry\0.0.2\package.tgz C:\Users\tcackowski\AppData\Roaming\npm-cache\fd3fae2e-he-owski-curry-0-0-2-package-tgz.lock
19 silly lockFile 51263427-tar tar://.\
20 silly lockFile 51263427-tar tar://.\
21 silly lockFile fd3fae2e-he-owski-curry-0-0-2-package-tgz tar://C:\Users\tcackowski\AppData\Roaming\npm-cache\owski-curry\0.0.2\package.tgz
22 silly lockFile fd3fae2e-he-owski-curry-0-0-2-package-tgz tar://C:\Users\tcackowski\AppData\Roaming\npm-cache\owski-curry\0.0.2\package.tgz
23 silly lockFile d754b0ad--cache-owski-curry-0-0-2-package C:\Users\tcackowski\AppData\Roaming\npm-cache\owski-curry\0.0.2\package
24 verbose lock C:\Users\tcackowski\AppData\Roaming\npm-cache\owski-curry\0.0.2\package C:\Users\tcackowski\AppData\Roaming\npm-cache\d754b0ad--cache-owski-curry-0-0-2-package.lock
25 silly lockFile d754b0ad--cache-owski-curry-0-0-2-package C:\Users\tcackowski\AppData\Roaming\npm-cache\owski-curry\0.0.2\package
26 silly lockFile d754b0ad--cache-owski-curry-0-0-2-package C:\Users\tcackowski\AppData\Roaming\npm-cache\owski-curry\0.0.2\package
27 silly lockFile 6de088a4- .\
28 silly lockFile 6de088a4- .\
29 silly publish { name: 'owski-curry',
29 silly publish   version: '0.0.2',
29 silly publish   description: 'Ted Cackowskis currying implementation',
29 silly publish   main: 'curry.js',
29 silly publish   scripts: { test: 'mocha tests/*.mocha.js' },
29 silly publish   keywords:
29 silly publish    [ 'curry',
29 silly publish      'currying',
29 silly publish      'schonfinkel',
29 silly publish      'schonfinkelization',
29 silly publish      'pure',
29 silly publish      'functional',
29 silly publish      'purely',
29 silly publish      'partial',
29 silly publish      'application' ],
29 silly publish   dependencies: { 'owski-arglist': '0.0.6', 'owski-expose': '0.0.2' },
29 silly publish   devDependencies: { eyes: '^0.1.8', mocha: '^2.2.4', must: '^0.12.0' },
29 silly publish   author: { name: 'Ted Cackowski Jr' },
29 silly publish   license: 'MIT',
29 silly publish   directories: { test: 'tests' },
29 silly publish   repository:
29 silly publish    { type: 'git',
29 silly publish      url: 'https://github.com/theodorecackowski/owski-curry.git' },
29 silly publish   bugs: { url: 'https://github.com/theodorecackowski/owski-curry/issues' },
29 silly publish   homepage: 'https://github.com/theodorecackowski/owski-curry',
29 silly publish   readme: '\nA simple auto-currying implementation.\nTo call a partially curried function,  \nSimply call without arguments.  \n',
29 silly publish   readmeFilename: 'README.md',
29 silly publish   gitHead: '5198b9a0dde5f542d01c8e1a2d55e120b4db0de0',
29 silly publish   _id: 'owski-curry@0.0.2',
29 silly publish   _shasum: '66b946f84eabd19aaac583c00bec1e28548b4d0b',
29 silly publish   _from: '.\\' }
30 verbose request where is /owski-curry
31 verbose request registry https://registry.npmjs.org/
32 verbose request id 0a28a3d81bd9d270
33 verbose url raw /owski-curry
34 verbose url resolving [ 'https://registry.npmjs.org/', './owski-curry' ]
35 verbose url resolved https://registry.npmjs.org/owski-curry
36 verbose request where is https://registry.npmjs.org/owski-curry
37 info trying registry request attempt 1 at 13:16:09
38 http PUT https://registry.npmjs.org/owski-curry
39 http 403 https://registry.npmjs.org/owski-curry
40 verbose headers { 'content-type': 'application/json',
40 verbose headers   'cache-control': 'max-age=60',
40 verbose headers   'content-length': '95',
40 verbose headers   'accept-ranges': 'bytes',
40 verbose headers   date: 'Sat, 25 Apr 2015 18:16:10 GMT',
40 verbose headers   via: '1.1 varnish',
40 verbose headers   connection: 'keep-alive',
40 verbose headers   'x-served-by': 'cache-atl6225-ATL',
40 verbose headers   'x-cache': 'MISS',
40 verbose headers   'x-cache-hits': '0',
40 verbose headers   'x-timer': 'S1429985769.029342,VS0,VE1065' }
41 error publish Failed PUT 403
42 error Error: "You cannot publish over the previously published version 0.0.2." : owski-curry
42 error     at RegClient.<anonymous> (C:\Program Files\nodejs\node_modules\npm\node_modules\npm-registry-client\lib\request.js:308:14)
42 error     at Request._callback (C:\Program Files\nodejs\node_modules\npm\node_modules\npm-registry-client\lib\request.js:246:65)
42 error     at Request.self.callback (C:\Program Files\nodejs\node_modules\npm\node_modules\request\request.js:236:22)
42 error     at Request.emit (events.js:98:17)
42 error     at Request.<anonymous> (C:\Program Files\nodejs\node_modules\npm\node_modules\request\request.js:1142:14)
42 error     at Request.emit (events.js:117:20)
42 error     at IncomingMessage.<anonymous> (C:\Program Files\nodejs\node_modules\npm\node_modules\request\request.js:1096:12)
42 error     at IncomingMessage.emit (events.js:117:20)
42 error     at _stream_readable.js:943:16
42 error     at process._tickCallback (node.js:419:13)
43 error If you need help, you may report this *entire* log,
43 error including the npm and node versions, at:
43 error     <http://github.com/npm/npm/issues>
44 error System Windows_NT 6.1.7601
45 error command "C:\\Program Files\\nodejs\\\\node.exe" "C:\\Program Files\\nodejs\\node_modules\\npm\\bin\\npm-cli.js" "publish" ".\\"
46 error cwd c:\GitHub\owski-curry
47 error node -v v0.10.33
48 error npm -v 1.4.28
49 verbose exit [ 1, true ]
